# JRE version: Java(TM) SE Runtime Environment (13.0.2+8) (build 13.0.2+8)
# Java VM: Java HotSpot(TM) 64-Bit Server VM (13.0.2+8, mixed mode, sharing, tiered, compressed oops, g1 gc, windows-amd64)
Heap:
 garbage-first heap   total 262144K, used 104625K [0x00000000e0000000, 0x0000000100000000)
  region size 1024K, 85 young (87040K), 15 survivors (15360K)
 Metaspace       used 44913K, capacity 46177K, committed 46464K, reserved 294912K
  class space    used 5990K, capacity 6435K, committed 6528K, reserved 253952K
GC Heap History (16 events):
Event: 0.964 GC heap before
{Heap before GC invocations=0 (full 0):
 garbage-first heap   total 262144K, used 19456K [0x00000000e0000000, 0x0000000100000000)
  region size 1024K, 14 young (14336K), 0 survivors (0K)
 Metaspace       used 2053K, capacity 5446K, committed 5760K, reserved 262144K
  class space    used 236K, capacity 580K, committed 640K, reserved 253952K
}
Event: 0.981 GC heap after
{Heap after GC invocations=1 (full 0):
 garbage-first heap   total 262144K, used 8270K [0x00000000e0000000, 0x0000000100000000)
  region size 1024K, 2 young (2048K), 2 survivors (2048K)
 Metaspace       used 2053K, capacity 5446K, committed 5760K, reserved 262144K
  class space    used 236K, capacity 580K, committed 640K, reserved 253952K
}
Event: 1.930 GC heap before
{Heap before GC invocations=1 (full 0):
 garbage-first heap   total 262144K, used 19534K [0x00000000e0000000, 0x0000000100000000)
  region size 1024K, 13 young (13312K), 2 survivors (2048K)
 Metaspace       used 3775K, capacity 6557K, committed 6656K, reserved 262144K
  class space    used 480K, capacity 760K, committed 768K, reserved 253952K
}
Event: 1.932 GC heap after
{Heap after GC invocations=2 (full 0):
 garbage-first heap   total 262144K, used 8983K [0x00000000e0000000, 0x0000000100000000)
  region size 1024K, 1 young (1024K), 1 survivors (1024K)
 Metaspace       used 3775K, capacity 6557K, committed 6656K, reserved 262144K
  class space    used 480K, capacity 760K, committed 768K, reserved 253952K
}
Event: 6.502 GC heap before
{Heap before GC invocations=2 (full 0):
 garbage-first heap   total 262144K, used 37655K [0x00000000e0000000, 0x0000000100000000)
  region size 1024K, 30 young (30720K), 1 survivors (1024K)
 Metaspace       used 4052K, capacity 6773K, committed 7040K, reserved 262144K
  class space    used 512K, capacity 832K, committed 896K, reserved 253952K
}
Event: 6.505 GC heap after
{Heap after GC invocations=3 (full 0):
 garbage-first heap   total 262144K, used 13184K [0x00000000e0000000, 0x0000000100000000)
  region size 1024K, 4 young (4096K), 4 survivors (4096K)
 Metaspace       used 4052K, capacity 6773K, committed 7040K, reserved 262144K
  class space    used 512K, capacity 832K, committed 896K, reserved 253952K
}
Event: 10.213 GC heap before
{Heap before GC invocations=3 (full 0):
 garbage-first heap   total 262144K, used 54144K [0x00000000e0000000, 0x0000000100000000)
  region size 1024K, 45 young (46080K), 4 survivors (4096K)
 Metaspace       used 11735K, capacity 12182K, committed 12288K, reserved 266240K
  class space    used 1584K, capacity 1731K, committed 1792K, reserved 253952K
}
Event: 10.222 GC heap after
{Heap after GC invocations=4 (full 0):
 garbage-first heap   total 262144K, used 15803K [0x00000000e0000000, 0x0000000100000000)
  region size 1024K, 3 young (3072K), 3 survivors (3072K)
 Metaspace       used 11735K, capacity 12182K, committed 12288K, reserved 266240K
  class space    used 1584K, capacity 1731K, committed 1792K, reserved 253952K
}
Event: 13.308 GC heap before
{Heap before GC invocations=4 (full 0):
 garbage-first heap   total 262144K, used 73147K [0x00000000e0000000, 0x0000000100000000)
  region size 1024K, 59 young (60416K), 3 survivors (3072K)
 Metaspace       used 18786K, capacity 19304K, committed 19584K, reserved 272384K
  class space    used 2704K, capacity 2900K, committed 2944K, reserved 253952K
}
Event: 13.315 GC heap after
{Heap after GC invocations=5 (full 0):
 garbage-first heap   total 262144K, used 18111K [0x00000000e0000000, 0x0000000100000000)
  region size 1024K, 5 young (5120K), 5 survivors (5120K)
 Metaspace       used 18786K, capacity 19304K, committed 19584K, reserved 272384K
  class space    used 2704K, capacity 2900K, committed 2944K, reserved 253952K
}
Event: 13.905 GC heap before
{Heap before GC invocations=5 (full 0):
 garbage-first heap   total 262144K, used 32447K [0x00000000e0000000, 0x0000000100000000)
  region size 1024K, 20 young (20480K), 5 survivors (5120K)
 Metaspace       used 20564K, capacity 21144K, committed 21296K, reserved 272384K
  class space    used 2990K, capacity 3174K, committed 3200K, reserved 253952K
}
Event: 13.913 GC heap after
{Heap after GC invocations=6 (full 0):
 garbage-first heap   total 262144K, used 18546K [0x00000000e0000000, 0x0000000100000000)
  region size 1024K, 6 young (6144K), 6 survivors (6144K)
 Metaspace       used 20564K, capacity 21144K, committed 21296K, reserved 272384K
  class space    used 2990K, capacity 3174K, committed 3200K, reserved 253952K
}
Event: 27.192 GC heap before
{Heap before GC invocations=7 (full 0):
 garbage-first heap   total 262144K, used 88178K [0x00000000e0000000, 0x0000000100000000)
  region size 1024K, 72 young (73728K), 6 survivors (6144K)
 Metaspace       used 30059K, capacity 30846K, committed 31104K, reserved 280576K
  class space    used 4107K, capacity 4423K, committed 4480K, reserved 253952K
}
Event: 27.206 GC heap after
{Heap after GC invocations=8 (full 0):
 garbage-first heap   total 262144K, used 24718K [0x00000000e0000000, 0x0000000100000000)
  region size 1024K, 9 young (9216K), 9 survivors (9216K)
 Metaspace       used 30059K, capacity 30846K, committed 31104K, reserved 280576K
  class space    used 4107K, capacity 4423K, committed 4480K, reserved 253952K
}
Event: 36.534 GC heap before
{Heap before GC invocations=8 (full 0):
 garbage-first heap   total 262144K, used 102542K [0x00000000e0000000, 0x0000000100000000)
  region size 1024K, 84 young (86016K), 9 survivors (9216K)
 Metaspace       used 34750K, capacity 35909K, committed 35968K, reserved 284672K
  class space    used 4742K, capacity 5189K, committed 5248K, reserved 253952K
}
Event: 36.559 GC heap after
{Heap after GC invocations=9 (full 0):
 garbage-first heap   total 262144K, used 34993K [0x00000000e0000000, 0x0000000100000000)
  region size 1024K, 15 young (15360K), 15 survivors (15360K)
 Metaspace       used 34750K, capacity 35909K, committed 35968K, reserved 284672K
  class space    used 4742K, capacity 5189K, committed 5248K, reserved 253952K
}

